TN:
SF:src/entrenador.ts
FN:4,<instance_members_initializer>
FN:10,Entrenador
FN:16,setNombre
FN:20,getNombre
FN:24,setEspecialidad
FN:28,getEspecialidad
FN:32,setSociosAsignados
FN:36,getSocioAsignado
FNF:8
FNH:2
FNDA:1,<instance_members_initializer>
FNDA:1,Entrenador
FNDA:0,setNombre
FNDA:0,getNombre
FNDA:0,setEspecialidad
FNDA:0,getEspecialidad
FNDA:0,setSociosAsignados
FNDA:0,getSocioAsignado
DA:1,1
DA:2,1
DA:3,1
DA:4,1
DA:5,1
DA:6,1
DA:7,1
DA:8,1
DA:9,1
DA:10,1
DA:11,1
DA:12,1
DA:13,1
DA:14,1
DA:15,1
DA:16,1
DA:17,0
DA:18,0
DA:19,1
DA:20,1
DA:21,0
DA:22,0
DA:23,1
DA:24,1
DA:25,0
DA:26,0
DA:27,1
DA:28,1
DA:29,0
DA:30,0
DA:31,1
DA:32,1
DA:33,0
DA:34,0
DA:35,1
DA:36,1
DA:37,0
DA:38,0
DA:39,1
DA:40,1
DA:41,1
DA:42,1
LF:42
LH:30
BRDA:4,0,0,1
BRDA:10,1,0,1
BRF:2
BRH:2
end_of_record
TN:
SF:src/planEntrenamiento.ts
FN:6,<instance_members_initializer>
FN:12,PlanEntrenamiento
FN:18,setDescripcion
FN:22,getDescripcion
FN:26,getSocio
FN:30,getEntrenador
FNF:6
FNH:2
FNDA:1,<instance_members_initializer>
FNDA:1,PlanEntrenamiento
FNDA:0,setDescripcion
FNDA:0,getDescripcion
FNDA:0,getSocio
FNDA:0,getEntrenador
DA:1,1
DA:2,1
DA:3,1
DA:4,1
DA:5,1
DA:6,1
DA:7,1
DA:8,1
DA:9,1
DA:10,1
DA:11,1
DA:12,1
DA:13,1
DA:14,1
DA:15,1
DA:16,1
DA:17,1
DA:18,1
DA:19,0
DA:20,0
DA:21,1
DA:22,1
DA:23,0
DA:24,0
DA:25,1
DA:26,1
DA:27,0
DA:28,0
DA:29,1
DA:30,1
DA:31,0
DA:32,0
DA:33,1
LF:33
LH:25
BRDA:6,0,0,1
BRDA:12,1,0,1
BRF:2
BRH:2
end_of_record
TN:
SF:src/socio.ts
FN:5,<instance_members_initializer>
FN:16,Socio
FN:26,getId
FN:30,setCuotaMensual
FN:34,getCuotaMensual
FN:38,setNombre
FN:42,getNombre
FN:46,getPlanEntrenamiento
FN:50,setPlanentrenamiento
FN:54,setEntrenador
FN:58,getEntrenador
FNF:11
FNH:3
FNDA:1,<instance_members_initializer>
FNDA:1,Socio
FNDA:0,getId
FNDA:1,setCuotaMensual
FNDA:0,getCuotaMensual
FNDA:0,setNombre
FNDA:0,getNombre
FNDA:0,getPlanEntrenamiento
FNDA:0,setPlanentrenamiento
FNDA:0,setEntrenador
FNDA:0,getEntrenador
DA:1,1
DA:2,1
DA:3,1
DA:4,1
DA:5,1
DA:6,1
DA:7,1
DA:8,1
DA:9,1
DA:10,1
DA:11,1
DA:12,1
DA:13,1
DA:14,1
DA:15,1
DA:16,1
DA:17,1
DA:18,1
DA:19,1
DA:20,1
DA:21,1
DA:22,1
DA:23,1
DA:24,1
DA:25,1
DA:26,1
DA:27,0
DA:28,0
DA:29,1
DA:30,1
DA:31,1
DA:32,1
DA:33,1
DA:34,1
DA:35,0
DA:36,0
DA:37,1
DA:38,1
DA:39,0
DA:40,0
DA:41,1
DA:42,1
DA:43,0
DA:44,0
DA:45,1
DA:46,1
DA:47,0
DA:48,0
DA:49,1
DA:50,1
DA:51,0
DA:52,0
DA:53,1
DA:54,1
DA:55,0
DA:56,0
DA:57,1
DA:58,1
DA:59,0
DA:60,0
DA:61,1
DA:62,1
DA:63,1
DA:64,1
DA:65,1
DA:66,1
LF:66
LH:50
BRDA:5,0,0,1
BRDA:16,1,0,1
BRDA:30,2,0,1
BRF:3
BRH:3
end_of_record
TN:
SF:src/socioVip.ts
FN:8,calcularCuotaMensual
FNF:1
FNH:1
FNDA:1,calcularCuotaMensual
DA:1,1
DA:2,1
DA:3,1
DA:4,1
DA:5,1
DA:6,1
DA:7,1
DA:8,1
DA:9,1
DA:10,1
DA:11,1
DA:12,1
LF:12
LH:12
BRDA:8,0,0,1
BRF:1
BRH:1
end_of_record
